This is pdfTeX, Version 3.14159265-2.6-1.40.17 (MiKTeX 2.9 64-bit) (preloaded format=latex 2016.8.27)  12 JAN 2019 12:03
entering extended mode
**./latex8.tex
(latex8.tex
LaTeX2e <2016/03/31>
Babel <3.9r> and hyphenation patterns for 75 language(s) loaded.
("C:\Program Files\MiKTeX 2.9\tex\latex\base\article.cls"
Document Class: article 2014/09/29 v1.4h Standard LaTeX document class
("C:\Program Files\MiKTeX 2.9\tex\latex\base\size10.clo"
File: size10.clo 2014/09/29 v1.4h Standard LaTeX file (size option)
)
\c@part=\count79
\c@section=\count80
\c@subsection=\count81
\c@subsubsection=\count82
\c@paragraph=\count83
\c@subparagraph=\count84
\c@figure=\count85
\c@table=\count86
\abovecaptionskip=\skip41
\belowcaptionskip=\skip42
\bibindent=\dimen102
) (latex8.sty
IEEE 8.5 x 11-Inch Proceedings Style `latex8.sty'.
\@ctmp=\skip43
\@figindent=\skip44
) ("C:\Program Files\MiKTeX 2.9\tex\latex\psnfss\times.sty"
Package: times 2005/04/12 PSNFSS-v9.2a (SPQR) 
) ("C:\Program Files\MiKTeX 2.9\tex\latex\graphics\epsfig.sty"
Package: epsfig 1999/02/16 v1.7a (e)psfig emulation (SPQR)
 ("C:\Program Files\MiKTeX 2.9\tex\latex\graphics\graphicx.sty"
Package: graphicx 2014/10/28 v1.0g Enhanced LaTeX Graphics (DPC,SPQR)

("C:\Program Files\MiKTeX 2.9\tex\latex\graphics\keyval.sty"
Package: keyval 2014/10/28 v1.15 key=value parser (DPC)
\KV@toks@=\toks14
)
("C:\Program Files\MiKTeX 2.9\tex\latex\graphics\graphics.sty"
Package: graphics 2016/05/09 v1.0r Standard LaTeX Graphics (DPC,SPQR)
 ("C:\Program Files\MiKTeX 2.9\tex\latex\graphics\trig.sty"
Package: trig 2016/01/03 v1.10 sin cos tan (DPC)
) ("C:\Program Files\MiKTeX 2.9\tex\latex\00miktex\graphics.cfg"
File: graphics.cfg 2016/01/02 v1.10 sample graphics configuration
)
Package graphics Info: Driver file: dvips.def on input line 96.

("C:\Program Files\MiKTeX 2.9\tex\latex\graphics\dvips.def"
File: dvips.def 2015/12/30 v3.0k Driver-dependent file (DPC,SPQR)
))
\Gin@req@height=\dimen103
\Gin@req@width=\dimen104
)
\epsfxsize=\dimen105
\epsfysize=\dimen106
)
("C:\Program Files\MiKTeX 2.9\tex\latex\subfigure\subfigure.sty"
Package: subfigure 2002/07/30 v2.1.4 subfigure package
\subfigtopskip=\skip45
\subfigcapskip=\skip46
\subfigcaptopadj=\dimen107
\subfigbottomskip=\skip47
\subfigcapmargin=\dimen108
\subfiglabelskip=\skip48
\c@subfigure=\count87
\c@lofdepth=\count88
\c@subtable=\count89
\c@lotdepth=\count90

****************************************
* Local config file subfigure.cfg used *
****************************************
("C:\Program Files\MiKTeX 2.9\tex\latex\subfigure\subfigure.cfg")
\subfig@top=\skip49
\subfig@bottom=\skip50
)
("C:\Program Files\MiKTeX 2.9\tex\latex\amsmath\amsmath.sty"
Package: amsmath 2016/03/10 v2.15b AMS math features
\@mathmargin=\skip51

For additional information on amsmath, use the `?' option.
("C:\Program Files\MiKTeX 2.9\tex\latex\amsmath\amstext.sty"
Package: amstext 2000/06/29 v2.01 AMS text
 ("C:\Program Files\MiKTeX 2.9\tex\latex\amsmath\amsgen.sty"
File: amsgen.sty 1999/11/30 v2.0 generic functions
\@emptytoks=\toks15
\ex@=\dimen109
)) ("C:\Program Files\MiKTeX 2.9\tex\latex\amsmath\amsbsy.sty"
Package: amsbsy 1999/11/29 v1.2d Bold Symbols
\pmbraise@=\dimen110
)
("C:\Program Files\MiKTeX 2.9\tex\latex\amsmath\amsopn.sty"
Package: amsopn 2016/03/08 v2.02 operator names
)
\inf@bad=\count91
LaTeX Info: Redefining \frac on input line 199.
\uproot@=\count92
\leftroot@=\count93
LaTeX Info: Redefining \overline on input line 297.
\classnum@=\count94
\DOTSCASE@=\count95
LaTeX Info: Redefining \ldots on input line 394.
LaTeX Info: Redefining \dots on input line 397.
LaTeX Info: Redefining \cdots on input line 518.
\Mathstrutbox@=\box26
\strutbox@=\box27
\big@size=\dimen111
LaTeX Font Info:    Redeclaring font encoding OML on input line 634.
LaTeX Font Info:    Redeclaring font encoding OMS on input line 635.
\macc@depth=\count96
\c@MaxMatrixCols=\count97
\dotsspace@=\muskip10
\c@parentequation=\count98
\dspbrk@lvl=\count99
\tag@help=\toks16
\row@=\count100
\column@=\count101
\maxfields@=\count102
\andhelp@=\toks17
\eqnshift@=\dimen112
\alignsep@=\dimen113
\tagshift@=\dimen114
\tagwidth@=\dimen115
\totwidth@=\dimen116
\lineht@=\dimen117
\@envbody=\toks18
\multlinegap=\skip52
\multlinetaggap=\skip53
\mathdisplay@stack=\toks19
LaTeX Info: Redefining \[ on input line 2739.
LaTeX Info: Redefining \] on input line 2740.
)
("C:\Program Files\MiKTeX 2.9\tex\latex\amsfonts\amssymb.sty"
Package: amssymb 2013/01/14 v3.01 AMS font symbols

("C:\Program Files\MiKTeX 2.9\tex\latex\amsfonts\amsfonts.sty"
Package: amsfonts 2013/01/14 v3.01 Basic AMSFonts support
\symAMSa=\mathgroup4
\symAMSb=\mathgroup5
LaTeX Font Info:    Overwriting math alphabet `\mathfrak' in version `bold'
(Font)                  U/euf/m/n --> U/euf/b/n on input line 106.
))
("C:\Program Files\MiKTeX 2.9\tex\latex\graphics\color.sty"
Package: color 2016/05/09 v1.1c Standard LaTeX Color (DPC)
 ("C:\Program Files\MiKTeX 2.9\tex\latex\00miktex\color.cfg"
File: color.cfg 2016/01/02 v1.6 sample color configuration
)
Package color Info: Driver file: dvips.def on input line 144.
("C:\Program Files\MiKTeX 2.9\tex\latex\graphics\dvipsnam.def"
File: dvipsnam.def 2015/12/30 v3.0k Driver-dependent file (DPC,SPQR)
))
("C:\Program Files\MiKTeX 2.9\tex\latex\multirow\multirow.sty"
\bigstrutjot=\dimen118
) ("C:\Program Files\MiKTeX 2.9\tex\latex\url\url.sty"
\Urlmuskip=\muskip11
Package: url 2013/09/16  ver 3.4  Verb mode for urls, etc.
)

LaTeX Warning: Unused global option(s):
    [times].

(latex8.aux)
\openout1 = `latex8.aux'.

LaTeX Font Info:    Checking defaults for OML/cmm/m/it on input line 28.
LaTeX Font Info:    ... okay on input line 28.
LaTeX Font Info:    Checking defaults for T1/cmr/m/n on input line 28.
LaTeX Font Info:    ... okay on input line 28.
LaTeX Font Info:    Checking defaults for OT1/cmr/m/n on input line 28.
LaTeX Font Info:    ... okay on input line 28.
LaTeX Font Info:    Checking defaults for OMS/cmsy/m/n on input line 28.
LaTeX Font Info:    ... okay on input line 28.
LaTeX Font Info:    Checking defaults for OMX/cmex/m/n on input line 28.
LaTeX Font Info:    ... okay on input line 28.
LaTeX Font Info:    Checking defaults for U/cmr/m/n on input line 28.
LaTeX Font Info:    ... okay on input line 28.
LaTeX Font Info:    Try loading font information for OT1+ptm on input line 28.
 ("C:\Program Files\MiKTeX 2.9\tex\latex\psnfss\ot1ptm.fd"
File: ot1ptm.fd 2001/06/04 font definitions for OT1/ptm.
)
LaTeX Font Info:    Font shape `OT1/ptm/bx/n' in size <14.4> not available
(Font)              Font shape `OT1/ptm/b/n' tried instead on input line 48.
LaTeX Font Info:    Try loading font information for U+msa on input line 48.

("C:\Program Files\MiKTeX 2.9\tex\latex\amsfonts\umsa.fd"
File: umsa.fd 2013/01/14 v3.01 AMS symbols A
)
LaTeX Font Info:    Try loading font information for U+msb on input line 48.
 ("C:\Program Files\MiKTeX 2.9\tex\latex\amsfonts\umsb.fd"
File: umsb.fd 2013/01/14 v3.01 AMS symbols B
)
LaTeX Font Info:    Try loading font information for OMS+ptm on input line 48.

("C:\Program Files\MiKTeX 2.9\tex\latex\psnfss\omsptm.fd"
File: omsptm.fd 
)
LaTeX Font Info:    Font shape `OMS/ptm/m/n' in size <8> not available
(Font)              Font shape `OMS/cmsy/m/n' tried instead on input line 48.

Overfull \hbox (7.40125pt too wide) in paragraph at lines 48--48
 [][] 
 []

LaTeX Font Info:    Font shape `OMS/ptm/m/n' in size <6> not available
(Font)              Font shape `OMS/cmsy/m/n' tried instead on input line 48.
LaTeX Font Info:    Font shape `OT1/ptm/bx/n' in size <12> not available
(Font)              Font shape `OT1/ptm/b/n' tried instead on input line 51.
LaTeX Font Info:    Font shape `OT1/ptm/bx/n' in size <8> not available
(Font)              Font shape `OT1/ptm/b/n' tried instead on input line 53.
LaTeX Font Info:    Try loading font information for OT1+pcr on input line 53.
("C:\Program Files\MiKTeX 2.9\tex\latex\psnfss\ot1pcr.fd"
File: ot1pcr.fd 2001/06/04 font definitions for OT1/pcr.
)
Underfull \hbox (badness 1163) in paragraph at lines 67--68
\OT1/ptm/m/n/10 on many promis-ing ap-pli-ca-tions in-clud-ing au-tonomous
 []

LaTeX Font Info:    Font shape `OT1/ptm/bx/n' in size <10> not available
(Font)              Font shape `OT1/ptm/b/n' tried instead on input line 72.

Underfull \hbox (badness 1286) in paragraph at lines 75--77
[]\OT1/ptm/b/n/10 Image-based 3D scene re-trieval \OT1/ptm/m/n/10 finds rel-e-vant 3D
 []


Underfull \vbox (badness 1960) has occurred while \output is active []

 [1


]
Underfull \hbox (badness 1418) in paragraph at lines 90--91
\OT1/ptm/m/n/10 test (SHREC) tracks [[], [], [], []] ti-tled ``2D Scene
 []


Underfull \hbox (badness 1048) in paragraph at lines 90--91
\OT1/ptm/m/n/10 sketch/image-based 3D scene re-trieval bench-mark \OT1/ptm/b/n/10 Sce-
 []

LaTeX Font Info:    Font shape `OMS/ptm/m/n' in size <10> not available
(Font)              Font shape `OMS/cmsy/m/n' tried instead on input line 108.

Underfull \hbox (badness 1092) in paragraph at lines 184--185
 \OT1/ptm/b/n/10 Overview.[] \OT1/ptm/m/n/10 We have built a uni-fied 3D scene bench-
 []


Underfull \hbox (badness 1783) in paragraph at lines 184--185
\OT1/ptm/m/n/10 of iden-ti-fy-ing and con-sol-i-dat-ing the same num-ber of
 []

[2]
Underfull \hbox (badness 2486) in paragraph at lines 200--200
[][]\OT1/ptm/m/n/8 Available on the URL: $\OT1/pcr/m/n/8 http : / / orca . st . usm . edu / []bli /
 []


Underfull \hbox (badness 1502) in paragraph at lines 206--207
\OT1/ptm/m/n/10 and task-specific bench-marks: \OT1/ptm/b/n/10 Scene[]SBR \OT1/ptm/m/n/10 com-pris-ing
 []

File: SampleSketches.eps Graphic file (type eps)
<SampleSketches.eps>
File: SampleImages.eps Graphic file (type eps)
 <SampleImages.eps>
File: SampleModels.eps Graphic file (type eps)
 <SampleModels.eps> [3]
Underfull \hbox (badness 1062) in paragraph at lines 274--280
[]\OT1/ptm/m/n/10 The re-trieval al-go-rithm com-prises the fol-low-ing six
 []


Underfull \vbox (badness 2134) has occurred while \output is active []

 [4]
File: architecture.eps Graphic file (type eps)
 <architecture.eps>
File: Sampleviewsexample.eps Graphic file (type eps)
 <Sampleviewsexample.eps>
Underfull \hbox (badness 1577) in paragraph at lines 313--314
\OT1/ptm/m/n/10 and dif-fi-culty level. To reach this pur-pose, we run
 []


Underfull \vbox (badness 10000) has occurred while \output is active []

File: comparative.eps Graphic file (type eps)
 <comparative.eps>
Underfull \hbox (badness 4193) in paragraph at lines 349--349
[]\tenhv Figure 6. Precision-Recall di-a-gram per-
 []


Underfull \hbox (badness 10000) in paragraph at lines 349--349
\tenhv for-mance of our \OT1/ptm/b/n/10 VMV-VGG \tenhv on our
 []

[5] (latex8.bbl
Underfull \hbox (badness 10000) in paragraph at lines 13--17
\OT1/ptm/m/n/9 2D Scene Image-Based 3D Scene Re-trieval Track
 []


Underfull \hbox (badness 10000) in paragraph at lines 13--17
\OT1/ptm/m/n/9 Web-site.  $\OT1/pcr/m/n/9 http : / / orca . st . usm . edu / []bli /
 []


Underfull \hbox (badness 1603) in paragraph at lines 19--23
[]\OT1/ptm/m/n/9 W. At-trac-tions.  New ride!!!! Dis-ney world an-i-mal
 []


Underfull \hbox (badness 1881) in paragraph at lines 19--23
\OT1/ptm/m/n/9 king-dom: Avatar flight of pas-sage ride video 4k hd
 []


Underfull \hbox (badness 10000) in paragraph at lines 46--50
\OT1/pcr/m/n/9 renault . co . uk / vehicles / concept-[]cars /
 []


Underfull \hbox (badness 2027) in paragraph at lines 62--66
\OT1/ptm/m/n/9 show in pan-dora - the world of avatar at walt Dis-
 []


Underfull \hbox (badness 8056) in paragraph at lines 68--71
[]\OT1/ptm/m/n/9 L. T. Tips.  Driv-ing a multi-million dol-lar au-
 []


Underfull \hbox (badness 10000) in paragraph at lines 73--76
[]\OT1/ptm/m/n/9 Wikipedia.  Avatar flight of pas-sage.  $\OT1/pcr/m/n/9 http :
 []


Underfull \hbox (badness 10000) in paragraph at lines 73--76
\OT1/pcr/m/n/9 / / en . wikipedia . org / wiki / Avatar _ Flight _
 []

) [6] (latex8.aux) ) 
Here is how much of TeX's memory you used:
 2101 strings out of 493336
 26264 string characters out of 3139280
 84681 words of memory out of 3000000
 5594 multiletter control sequences out of 15000+200000
 19880 words of font info for 63 fonts, out of 3000000 for 9000
 1141 hyphenation exceptions out of 8191
 32i,15n,26p,1434b,427s stack positions out of 5000i,500n,10000p,200000b,50000s

Output written on latex8.dvi (6 pages, 38740 bytes).
